<?xml version="1.0" encoding="UTF-8"?>
<testng-results ignored="2" total="11" passed="8" failed="1" skipped="0">
  <reporter-output>
  </reporter-output>
  <suite started-at="2024-03-29T09:03:02 IST" name="RegressionSuite" finished-at="2024-03-29T09:03:56 IST" duration-ms="53769">
    <groups>
    </groups>
    <test started-at="2024-03-29T09:03:02 IST" name="RegressionTest" finished-at="2024-03-29T09:03:56 IST" duration-ms="53769">
      <class name="com.opencart.testlayer.LoginTest">
        <test-method is-config="true" signature="setUp()[pri:0, instance:com.opencart.testlayer.LoginTest@1d2adfbe]" started-at="2024-03-29T09:03:17 IST" name="setUp" finished-at="2024-03-29T09:03:21 IST" duration-ms="3924" status="PASS">
          <reporter-output>
          </reporter-output>
        </test-method> <!-- setUp -->
        <test-method signature="test(java.lang.String,java.lang.String,java.lang.String,java.lang.String)[pri:0, instance:com.opencart.testlayer.LoginTest@1d2adfbe]" started-at="2024-03-29T09:03:21 IST" name="test" data-provider="loginDataProvider" finished-at="2024-03-29T09:03:22 IST" duration-ms="1463" status="PASS">
          <params>
            <param index="0">
              <value>
                <![CDATA[1]]>
              </value>
            </param>
            <param index="1">
              <value>
                <![CDATA[davidtest11@gmail.com]]>
              </value>
            </param>
            <param index="2">
              <value>
                <![CDATA[Test@1234]]>
              </value>
            </param>
            <param index="3">
              <value>
                <![CDATA[]]>
              </value>
            </param>
          </params>
          <reporter-output>
          </reporter-output>
        </test-method> <!-- test -->
        <test-method is-config="true" signature="tearDown()[pri:0, instance:com.opencart.testlayer.LoginTest@1d2adfbe]" started-at="2024-03-29T09:03:22 IST" name="tearDown" finished-at="2024-03-29T09:03:23 IST" duration-ms="586" status="PASS">
          <reporter-output>
          </reporter-output>
        </test-method> <!-- tearDown -->
        <test-method is-config="true" signature="setUp()[pri:0, instance:com.opencart.testlayer.LoginTest@1d2adfbe]" started-at="2024-03-29T09:03:23 IST" name="setUp" finished-at="2024-03-29T09:03:27 IST" duration-ms="3973" status="PASS">
          <reporter-output>
          </reporter-output>
        </test-method> <!-- setUp -->
        <test-method signature="test(java.lang.String,java.lang.String,java.lang.String,java.lang.String)[pri:0, instance:com.opencart.testlayer.LoginTest@1d2adfbe]" started-at="2024-03-29T09:03:27 IST" name="test" data-provider="loginDataProvider" finished-at="2024-03-29T09:03:29 IST" duration-ms="2078" status="PASS">
          <params>
            <param index="0">
              <value>
                <![CDATA[2]]>
              </value>
            </param>
            <param index="1">
              <value>
                <![CDATA[davidtest12@gmail.com]]>
              </value>
            </param>
            <param index="2">
              <value>
                <![CDATA[Test@1234]]>
              </value>
            </param>
            <param index="3">
              <value>
                <![CDATA[]]>
              </value>
            </param>
          </params>
          <reporter-output>
          </reporter-output>
        </test-method> <!-- test -->
        <test-method is-config="true" signature="tearDown()[pri:0, instance:com.opencart.testlayer.LoginTest@1d2adfbe]" started-at="2024-03-29T09:03:29 IST" name="tearDown" finished-at="2024-03-29T09:03:29 IST" duration-ms="469" status="PASS">
          <reporter-output>
          </reporter-output>
        </test-method> <!-- tearDown -->
        <test-method is-config="true" signature="setUp()[pri:0, instance:com.opencart.testlayer.LoginTest@1d2adfbe]" started-at="2024-03-29T09:03:29 IST" name="setUp" finished-at="2024-03-29T09:03:33 IST" duration-ms="3975" status="PASS">
          <reporter-output>
          </reporter-output>
        </test-method> <!-- setUp -->
        <test-method signature="test(java.lang.String,java.lang.String,java.lang.String,java.lang.String)[pri:0, instance:com.opencart.testlayer.LoginTest@1d2adfbe]" started-at="2024-03-29T09:03:33 IST" name="test" data-provider="loginDataProvider" finished-at="2024-03-29T09:03:35 IST" duration-ms="1653" status="PASS">
          <params>
            <param index="0">
              <value>
                <![CDATA[3]]>
              </value>
            </param>
            <param index="1">
              <value>
                <![CDATA[davidtest13@gmail.com]]>
              </value>
            </param>
            <param index="2">
              <value>
                <![CDATA[Test@1234]]>
              </value>
            </param>
            <param index="3">
              <value>
                <![CDATA[]]>
              </value>
            </param>
          </params>
          <reporter-output>
          </reporter-output>
        </test-method> <!-- test -->
        <test-method is-config="true" signature="tearDown()[pri:0, instance:com.opencart.testlayer.LoginTest@1d2adfbe]" started-at="2024-03-29T09:03:35 IST" name="tearDown" finished-at="2024-03-29T09:03:35 IST" duration-ms="621" status="PASS">
          <reporter-output>
          </reporter-output>
        </test-method> <!-- tearDown -->
        <test-method is-config="true" signature="setUp()[pri:0, instance:com.opencart.testlayer.LoginTest@1d2adfbe]" started-at="2024-03-29T09:03:35 IST" name="setUp" finished-at="2024-03-29T09:03:39 IST" duration-ms="3433" status="PASS">
          <reporter-output>
          </reporter-output>
        </test-method> <!-- setUp -->
        <test-method signature="test(java.lang.String,java.lang.String,java.lang.String,java.lang.String)[pri:0, instance:com.opencart.testlayer.LoginTest@1d2adfbe]" started-at="2024-03-29T09:03:39 IST" name="test" data-provider="loginDataProvider" finished-at="2024-03-29T09:03:40 IST" duration-ms="1293" status="PASS">
          <params>
            <param index="0">
              <value>
                <![CDATA[4]]>
              </value>
            </param>
            <param index="1">
              <value>
                <![CDATA[davidtest14@gmail.com]]>
              </value>
            </param>
            <param index="2">
              <value>
                <![CDATA[Test@1234]]>
              </value>
            </param>
            <param index="3">
              <value>
                <![CDATA[]]>
              </value>
            </param>
          </params>
          <reporter-output>
          </reporter-output>
        </test-method> <!-- test -->
        <test-method is-config="true" signature="tearDown()[pri:0, instance:com.opencart.testlayer.LoginTest@1d2adfbe]" started-at="2024-03-29T09:03:40 IST" name="tearDown" finished-at="2024-03-29T09:03:41 IST" duration-ms="392" status="PASS">
          <reporter-output>
          </reporter-output>
        </test-method> <!-- tearDown -->
        <test-method is-config="true" signature="setUp()[pri:0, instance:com.opencart.testlayer.LoginTest@1d2adfbe]" started-at="2024-03-29T09:03:41 IST" name="setUp" finished-at="2024-03-29T09:03:44 IST" duration-ms="3585" status="PASS">
          <reporter-output>
          </reporter-output>
        </test-method> <!-- setUp -->
        <test-method signature="test(java.lang.String,java.lang.String,java.lang.String,java.lang.String)[pri:0, instance:com.opencart.testlayer.LoginTest@1d2adfbe]" started-at="2024-03-29T09:03:44 IST" name="test" data-provider="loginDataProvider" finished-at="2024-03-29T09:03:45 IST" duration-ms="1188" status="PASS">
          <params>
            <param index="0">
              <value>
                <![CDATA[5]]>
              </value>
            </param>
            <param index="1">
              <value>
                <![CDATA[davidtest15@gmail.com]]>
              </value>
            </param>
            <param index="2">
              <value>
                <![CDATA[Test@1234]]>
              </value>
            </param>
            <param index="3">
              <value>
                <![CDATA[]]>
              </value>
            </param>
          </params>
          <reporter-output>
          </reporter-output>
        </test-method> <!-- test -->
        <test-method is-config="true" signature="tearDown()[pri:0, instance:com.opencart.testlayer.LoginTest@1d2adfbe]" started-at="2024-03-29T09:03:45 IST" name="tearDown" finished-at="2024-03-29T09:03:46 IST" duration-ms="512" status="PASS">
          <reporter-output>
          </reporter-output>
        </test-method> <!-- tearDown -->
        <test-method is-config="true" signature="setUp()[pri:0, instance:com.opencart.testlayer.LoginTest@1d2adfbe]" started-at="2024-03-29T09:03:46 IST" name="setUp" finished-at="2024-03-29T09:03:49 IST" duration-ms="3256" status="PASS">
          <reporter-output>
          </reporter-output>
        </test-method> <!-- setUp -->
        <test-method signature="verifyLoginTestWithInValidDetails()[pri:0, instance:com.opencart.testlayer.LoginTest@1d2adfbe]" started-at="2024-03-29T09:03:49 IST" name="verifyLoginTestWithInValidDetails" finished-at="2024-03-29T09:03:50 IST" duration-ms="1323" status="PASS">
          <reporter-output>
          </reporter-output>
        </test-method> <!-- verifyLoginTestWithInValidDetails -->
        <test-method is-config="true" signature="tearDown()[pri:0, instance:com.opencart.testlayer.LoginTest@1d2adfbe]" started-at="2024-03-29T09:03:50 IST" name="tearDown" finished-at="2024-03-29T09:03:51 IST" duration-ms="412" status="PASS">
          <reporter-output>
          </reporter-output>
        </test-method> <!-- tearDown -->
        <test-method is-config="true" signature="setUp()[pri:0, instance:com.opencart.testlayer.LoginTest@1d2adfbe]" started-at="2024-03-29T09:03:51 IST" name="setUp" finished-at="2024-03-29T09:03:54 IST" duration-ms="3574" status="PASS">
          <reporter-output>
          </reporter-output>
        </test-method> <!-- setUp -->
        <test-method signature="verifyLoginTestWithValidDetails()[pri:0, instance:com.opencart.testlayer.LoginTest@1d2adfbe]" started-at="2024-03-29T09:03:54 IST" name="verifyLoginTestWithValidDetails" finished-at="2024-03-29T09:03:56 IST" duration-ms="1352" status="PASS">
          <reporter-output>
          </reporter-output>
        </test-method> <!-- verifyLoginTestWithValidDetails -->
        <test-method is-config="true" signature="tearDown()[pri:0, instance:com.opencart.testlayer.LoginTest@1d2adfbe]" started-at="2024-03-29T09:03:56 IST" name="tearDown" finished-at="2024-03-29T09:03:56 IST" duration-ms="456" status="PASS">
          <reporter-output>
          </reporter-output>
        </test-method> <!-- tearDown -->
      </class> <!-- com.opencart.testlayer.LoginTest -->
      <class name="com.opencart.testlayer.RegisterTest">
        <test-method is-config="true" signature="start()[pri:0, instance:com.opencart.testlayer.RegisterTest@79e2c065]" started-at="2024-03-29T09:03:02 IST" name="start" finished-at="2024-03-29T09:03:03 IST" duration-ms="134" status="PASS">
          <reporter-output>
          </reporter-output>
        </test-method> <!-- start -->
        <test-method is-config="true" signature="setUp()[pri:0, instance:com.opencart.testlayer.RegisterTest@79e2c065]" started-at="2024-03-29T09:03:03 IST" name="setUp" finished-at="2024-03-29T09:03:08 IST" duration-ms="5074" status="PASS">
          <reporter-output>
          </reporter-output>
        </test-method> <!-- setUp -->
        <test-method signature="validateRegisteringAccountByProvidingExistingAccountdetails()[pri:0, instance:com.opencart.testlayer.RegisterTest@79e2c065]" started-at="2024-03-29T09:03:08 IST" name="validateRegisteringAccountByProvidingExistingAccountdetails" finished-at="2024-03-29T09:03:10 IST" duration-ms="2067" status="PASS">
          <reporter-output>
          </reporter-output>
        </test-method> <!-- validateRegisteringAccountByProvidingExistingAccountdetails -->
        <test-method is-config="true" signature="tearDown()[pri:0, instance:com.opencart.testlayer.RegisterTest@79e2c065]" started-at="2024-03-29T09:03:10 IST" name="tearDown" finished-at="2024-03-29T09:03:10 IST" duration-ms="484" status="PASS">
          <reporter-output>
          </reporter-output>
        </test-method> <!-- tearDown -->
        <test-method is-config="true" signature="setUp()[pri:0, instance:com.opencart.testlayer.RegisterTest@79e2c065]" started-at="2024-03-29T09:03:10 IST" name="setUp" finished-at="2024-03-29T09:03:14 IST" duration-ms="3751" status="PASS">
          <reporter-output>
          </reporter-output>
        </test-method> <!-- setUp -->
        <test-method signature="validateRegisteringAccountByProvidingValidAccountdetails()[pri:0, instance:com.opencart.testlayer.RegisterTest@79e2c065]" started-at="2024-03-29T09:03:14 IST" name="validateRegisteringAccountByProvidingValidAccountdetails" finished-at="2024-03-29T09:03:16 IST" duration-ms="1949" status="FAIL">
          <exception class="java.lang.AssertionError">
            <message>
              <![CDATA[expected [Your Account Has Been Created!] but found [Register Account]]]>
            </message>
            <full-stacktrace>
              <![CDATA[java.lang.AssertionError: expected [Your Account Has Been Created!] but found [Register Account]
at org.testng.Assert.fail(Assert.java:99)
at org.testng.Assert.failNotEquals(Assert.java:1037)
at org.testng.Assert.assertEqualsImpl(Assert.java:140)
at org.testng.Assert.assertEquals(Assert.java:122)
at org.testng.Assert.assertEquals(Assert.java:629)
at org.testng.Assert.assertEquals(Assert.java:639)
at com.opencart.testlayer.RegisterTest.validateRegisteringAccountByProvidingValidAccountdetails(RegisterTest.java:34)
at java.base/jdk.internal.reflect.NativeMethodAccessorImpl.invoke0(Native Method)
at java.base/jdk.internal.reflect.NativeMethodAccessorImpl.invoke(NativeMethodAccessorImpl.java:77)
at java.base/jdk.internal.reflect.DelegatingMethodAccessorImpl.invoke(DelegatingMethodAccessorImpl.java:43)
at java.base/java.lang.reflect.Method.invoke(Method.java:568)
at org.testng.internal.MethodInvocationHelper.invokeMethod(MethodInvocationHelper.java:133)
at org.testng.internal.TestInvoker.invokeMethod(TestInvoker.java:598)
at org.testng.internal.TestInvoker.invokeTestMethod(TestInvoker.java:173)
at org.testng.internal.MethodRunner.runInSequence(MethodRunner.java:46)
at org.testng.internal.TestInvoker$MethodInvocationAgent.invoke(TestInvoker.java:824)
at org.testng.internal.TestInvoker.invokeTestMethods(TestInvoker.java:146)
at org.testng.internal.TestMethodWorker.invokeTestMethods(TestMethodWorker.java:146)
at org.testng.internal.TestMethodWorker.run(TestMethodWorker.java:128)
at java.base/java.util.ArrayList.forEach(ArrayList.java:1511)
at org.testng.TestRunner.privateRun(TestRunner.java:794)
at org.testng.TestRunner.run(TestRunner.java:596)
at org.testng.SuiteRunner.runTest(SuiteRunner.java:377)
at org.testng.SuiteRunner.runSequentially(SuiteRunner.java:371)
at org.testng.SuiteRunner.privateRun(SuiteRunner.java:332)
at org.testng.SuiteRunner.run(SuiteRunner.java:276)
at org.testng.SuiteRunnerWorker.runSuite(SuiteRunnerWorker.java:53)
at org.testng.SuiteRunnerWorker.run(SuiteRunnerWorker.java:96)
at org.testng.TestNG.runSuitesSequentially(TestNG.java:1212)
at org.testng.TestNG.runSuitesLocally(TestNG.java:1134)
at org.testng.TestNG.runSuites(TestNG.java:1063)
at org.testng.TestNG.run(TestNG.java:1031)
at org.testng.remote.AbstractRemoteTestNG.run(AbstractRemoteTestNG.java:115)
at org.testng.remote.RemoteTestNG.initAndRun(RemoteTestNG.java:251)
at org.testng.remote.RemoteTestNG.main(RemoteTestNG.java:77)
]]>
            </full-stacktrace>
          </exception> <!-- java.lang.AssertionError -->
          <reporter-output>
          </reporter-output>
        </test-method> <!-- validateRegisteringAccountByProvidingValidAccountdetails -->
        <test-method is-config="true" signature="tearDown()[pri:0, instance:com.opencart.testlayer.RegisterTest@79e2c065]" started-at="2024-03-29T09:03:16 IST" name="tearDown" finished-at="2024-03-29T09:03:17 IST" duration-ms="398" status="PASS">
          <reporter-output>
          </reporter-output>
        </test-method> <!-- tearDown -->
        <test-method is-config="true" signature="end()[pri:0, instance:com.opencart.testlayer.RegisterTest@79e2c065]" started-at="2024-03-29T09:03:56 IST" name="end" finished-at="2024-03-29T09:03:56 IST" duration-ms="1" status="PASS">
          <reporter-output>
          </reporter-output>
        </test-method> <!-- end -->
      </class> <!-- com.opencart.testlayer.RegisterTest -->
    </test> <!-- RegressionTest -->
  </suite> <!-- RegressionSuite -->
</testng-results>
